[35m[Appium][39m Welcome to Appium v2.5.1
[35m[Appium][39m Non-default server args:
[35m[Appium][39m { basePath: [32m'/wd/hub'[39m, loglevel: [32m'info'[39m, port: [33m64730[39m }
[35m[Appium][39m Attempting to load driver uiautomator2...
[35m[Appium][39m Appium REST http interface listener started on http://0.0.0.0:64730/wd/hub
[35m[Appium][39m You can provide the following URLs in your client code to connect to this server:
[35m[Appium][39m 	http://192.168.18.8:64730/wd/hub
[35m[Appium][39m 	http://127.0.0.1:64730/wd/hub (only accessible from the same host)
[35m[Appium][39m 	http://172.24.208.1:64730/wd/hub
[35m[Appium][39m 	http://172.18.192.1:64730/wd/hub
[35m[Appium][39m Available drivers:
[35m[Appium][39m   - uiautomator2@3.0.0 (automationName 'UiAutomator2')
[35m[Appium][39m No plugins have been installed. Use the "appium plugin" command to install the one(s) you want to use.
[38;5;0m[HTTP][0m [37m-->[39m [37mGET[39m [37m/wd/hub/status[39m
[38;5;0m[HTTP][0m [90m{}[39m
[38;5;0m[HTTP][0m [37m<-- GET /wd/hub/status [39m[32m200[39m [90m9 ms - 110[39m
[38;5;0m[HTTP][0m [90m[39m
[38;5;0m[HTTP][0m [37m-->[39m [37mGET[39m [37m/wd/hub/status[39m
[38;5;0m[HTTP][0m [90m{}[39m
[38;5;0m[HTTP][0m [37m<-- GET /wd/hub/status [39m[32m200[39m [90m2 ms - 110[39m
[38;5;0m[HTTP][0m [90m[39m
[38;5;0m[HTTP][0m [37m-->[39m [37mPOST[39m [37m/wd/hub/session[39m
[38;5;0m[HTTP][0m [90m{"desiredCapabilities":{"appium:systemPort":64745,"appium:newCommandTimeout":1800,"appium:automationName":"uiautomator2","appium:fullReset":false,"appium:platformVersion":"11","appium:noReset":true,"appium:udid":"928fdd1b","appium:autoGrantPermissions":true,"appium:platformName":"ANDROID","appium:deviceName":"vivo vivo 1918 (Android 11)","platformName":"Android","appium:app":"D:\\Docs\\MI Tech\\Bootcamp SQA\\ApiDemos.apk"},"capabilities":{"firstMatch":[{"appium:app":"D:\\Docs\\MI Tech\\Bootcamp SQA\\ApiDemos.apk","appium:autoGrantPermissions":true,"appium:automationName":"uiautomator2","appium:deviceName":"vivo vivo 1918 (Android 11)","appium:fullReset":false,"appium:newCommandTimeout":1800,"appium:noReset":true,"appium:platformName":"ANDROID","appium:platformVersion":"11","appium:systemPort":64745,"appium:udid":"928fdd1b","platformName":"android"}]}}[39m
[38;5;32m[BaseDriver][0m Ignoring capability 'appium:platformName=ANDROID' and using capability 'platformName=android'
[38;5;32m[BaseDriver][0m The capabilities ["platformName"] are standard capabilities and do not require "appium:" prefix
[35m[Appium][39m Attempting to find matching driver for automationName 'uiautomator2' and platformName 'android'
[35m[Appium][39m The 'uiautomator2' driver was installed and matched caps.
[35m[Appium][39m Will require it at C:\Users\fajar\.appium\node_modules\appium-uiautomator2-driver
[38;5;16m[AppiumDriver@ebf2][0m Appium v2.5.1 creating new AndroidUiautomator2Driver (v3.0.0) session
[38;5;16m[AppiumDriver@ebf2][0m Checking BaseDriver versions for Appium and AndroidUiautomator2Driver
[38;5;16m[AppiumDriver@ebf2][0m Appium's BaseDriver version is 9.5.2
[38;5;16m[AppiumDriver@ebf2][0m AndroidUiautomator2Driver's BaseDriver version is 9.5.2
[38;5;48m[AndroidUiautomator2Driver@3508 (c584cd02)][0m Session created with session id: c584cd02-0930-474f-aeb6-706c0dc09c7a
[38;5;64m[ADB][0m Found 1 'build-tools' folders under 'C:\Users\fajar\.katalon\tools\android_sdk' (newest first):
[38;5;64m[ADB][0m     C:\Users\fajar\.katalon\tools\android_sdk\build-tools\29.0.3
[38;5;64m[ADB][0m Using 'adb.exe' from 'C:\Users\fajar\.katalon\tools\android_sdk\platform-tools\adb.exe'
[38;5;48m[AndroidUiautomator2Driver@3508 (c584cd02)][0m Retrieving device list
[38;5;48m[AndroidUiautomator2Driver@3508 (c584cd02)][0m Using device: 928fdd1b
[38;5;64m[ADB][0m Using 'adb.exe' from 'C:\Users\fajar\.katalon\tools\android_sdk\platform-tools\adb.exe'
[38;5;32m[BaseDriver][0m Using local app 'D:\Docs\MI Tech\Bootcamp SQA\ApiDemos.apk'
[38;5;64m[ADB][0m Getting device platform version
[38;5;48m[AndroidUiautomator2Driver@3508 (c584cd02)][0m Relaxing hidden api policy
[38;5;64m[ADB][0m Package name: 'io.appium.android.apis'
[38;5;64m[ADB][0m Main activity name: 'ApiDemos'
[38;5;64m[ADB][0m Using 'apksigner.jar' from 'C:\Users\fajar\.katalon\tools\android_sdk\build-tools\29.0.3\lib\apksigner.jar'
[38;5;64m[ADB][0m 'C:\Users\fajar\.appium\node_modules\appium-uiautomator2-driver\node_modules\appium-uiautomator2-server\apks\appium-uiautomator2-server-debug-androidTest.apk' is signed with the default certificate
[38;5;64m[ADB][0m 'D:\Docs\MI Tech\Bootcamp SQA\ApiDemos.apk' is signed with the default certificate
[38;5;64m[ADB][0m The application at 'D:\Docs\MI Tech\Bootcamp SQA\ApiDemos.apk' will not be cached, because the device under test has confirmed the support of streamed installs
[38;5;64m[ADB][0m 'C:\Users\fajar\.appium\node_modules\appium-uiautomator2-driver\node_modules\appium-uiautomator2-server\apks\appium-uiautomator2-server-v7.0.0.apk' is signed with the default certificate
[38;5;48m[AndroidUiautomator2Driver@3508 (c584cd02)][0m Server packages are not going to be (re)installed
[38;5;64m[ADB][0m Adding packages ["io.appium.settings","io.appium.uiautomator2.server","io.appium.uiautomator2.server.test"] to Doze whitelist
[38;5;64m[ADB][0m The installation of 'ApiDemos.apk' took 3969ms
[38;5;48m[AndroidUiautomator2Driver@3508 (c584cd02)][0m Starting UIAutomator2 server 7.0.0
[38;5;48m[AndroidUiautomator2Driver@3508 (c584cd02)][0m Using UIAutomator2 server from 'C:\Users\fajar\.appium\node_modules\appium-uiautomator2-driver\node_modules\appium-uiautomator2-server\apks\appium-uiautomator2-server-v7.0.0.apk' and test from 'C:\Users\fajar\.appium\node_modules\appium-uiautomator2-driver\node_modules\appium-uiautomator2-server\apks\appium-uiautomator2-server-debug-androidTest.apk'
[38;5;48m[AndroidUiautomator2Driver@3508 (c584cd02)][0m Waiting up to 30000ms for UiAutomator2 to be online...
[38;5;48m[AndroidUiautomator2Driver@3508 (c584cd02)][0m socket hang up
[38;5;48m[AndroidUiautomator2Driver@3508 (c584cd02)][0m socket hang up
[38;5;48m[AndroidUiautomator2Driver@3508 (c584cd02)][0m socket hang up
[38;5;48m[AndroidUiautomator2Driver@3508 (c584cd02)][0m Determined the downstream protocol as 'W3C'
[38;5;48m[AndroidUiautomator2Driver@3508 (c584cd02)][0m Screen already unlocked, doing nothing
[38;5;48m[AndroidUiautomator2Driver@3508 (c584cd02)][0m Starting 'io.appium.android.apis/ApiDemos and waiting for 'io.appium.android.apis/ApiDemos'
[38;5;16m[AppiumDriver@ebf2][0m New AndroidUiautomator2Driver session created successfully, session c584cd02-0930-474f-aeb6-706c0dc09c7a added to master session list
[38;5;0m[HTTP][0m [37m<-- POST /wd/hub/session [39m[32m200[39m [90m11630 ms - 1157[39m
[38;5;0m[HTTP][0m [90m[39m
[38;5;0m[HTTP][0m [37m-->[39m [37mGET[39m [37m/wd/hub/session/c584cd02-0930-474f-aeb6-706c0dc09c7a[39m
[38;5;0m[HTTP][0m [90m{}[39m
[38;5;0m[HTTP][0m [37m<-- GET /wd/hub/session/c584cd02-0930-474f-aeb6-706c0dc09c7a [39m[32m200[39m [90m18 ms - 333[39m
[38;5;0m[HTTP][0m [90m[39m
[38;5;0m[HTTP][0m [37m-->[39m [37mGET[39m [37m/wd/hub/session/c584cd02-0930-474f-aeb6-706c0dc09c7a[39m
[38;5;0m[HTTP][0m [90m{}[39m
[38;5;0m[HTTP][0m [37m<-- GET /wd/hub/session/c584cd02-0930-474f-aeb6-706c0dc09c7a [39m[32m200[39m [90m16 ms - 333[39m
[38;5;0m[HTTP][0m [90m[39m
[38;5;0m[HTTP][0m [37m-->[39m [37mGET[39m [37m/wd/hub/status[39m
[38;5;0m[HTTP][0m [90m{}[39m
[38;5;0m[HTTP][0m [37m<-- GET /wd/hub/status [39m[32m200[39m [90m2 ms - 110[39m
[38;5;0m[HTTP][0m [90m[39m
[38;5;0m[HTTP][0m [37m-->[39m [37mPOST[39m [37m/wd/hub/session/c584cd02-0930-474f-aeb6-706c0dc09c7a/timeouts[39m
[38;5;0m[HTTP][0m [90m{"implicit":60000}[39m
[38;5;0m[HTTP][0m [37m<-- POST /wd/hub/session/c584cd02-0930-474f-aeb6-706c0dc09c7a/timeouts [39m[32m200[39m [90m5 ms - 14[39m
[38;5;0m[HTTP][0m [90m[39m
[38;5;0m[HTTP][0m [37m-->[39m [37mGET[39m [37m/wd/hub/session/c584cd02-0930-474f-aeb6-706c0dc09c7a/source[39m
[38;5;0m[HTTP][0m [90m{}[39m
[38;5;48m[AndroidUiautomator2Driver@3508 (c584cd02)][0m Driver proxy active, passing request on via HTTP proxy
[38;5;48m[AndroidUiautomator2Driver@3508 (c584cd02)][0m Replacing sessionId e5f1427e-2a6f-4119-bb1f-541d66cff9b6 with c584cd02-0930-474f-aeb6-706c0dc09c7a
[38;5;0m[HTTP][0m [37m<-- GET /wd/hub/session/c584cd02-0930-474f-aeb6-706c0dc09c7a/source [39m[32m200[39m [90m254 ms - 8117[39m
[38;5;0m[HTTP][0m [90m[39m
[38;5;0m[HTTP][0m [37m-->[39m [37mGET[39m [37m/wd/hub/session/c584cd02-0930-474f-aeb6-706c0dc09c7a/screenshot[39m
[38;5;0m[HTTP][0m [90m{}[39m
[38;5;0m[HTTP][0m [37m<-- GET /wd/hub/session/c584cd02-0930-474f-aeb6-706c0dc09c7a/screenshot [39m[32m200[39m [90m510 ms - 112176[39m
[38;5;0m[HTTP][0m [90m[39m
[38;5;0m[HTTP][0m [37m-->[39m [37mGET[39m [37m/wd/hub/session/c584cd02-0930-474f-aeb6-706c0dc09c7a/source[39m
[38;5;0m[HTTP][0m [90m{}[39m
[38;5;48m[AndroidUiautomator2Driver@3508 (c584cd02)][0m Driver proxy active, passing request on via HTTP proxy
[38;5;48m[AndroidUiautomator2Driver@3508 (c584cd02)][0m Replacing sessionId e5f1427e-2a6f-4119-bb1f-541d66cff9b6 with c584cd02-0930-474f-aeb6-706c0dc09c7a
[38;5;0m[HTTP][0m [37m<-- GET /wd/hub/session/c584cd02-0930-474f-aeb6-706c0dc09c7a/source [39m[32m200[39m [90m529 ms - 8621[39m
[38;5;0m[HTTP][0m [90m[39m
[38;5;0m[HTTP][0m [37m-->[39m [37mGET[39m [37m/wd/hub/session/c584cd02-0930-474f-aeb6-706c0dc09c7a/screenshot[39m
[38;5;0m[HTTP][0m [90m{}[39m
[38;5;0m[HTTP][0m [37m<-- GET /wd/hub/session/c584cd02-0930-474f-aeb6-706c0dc09c7a/screenshot [39m[32m200[39m [90m560 ms - 80756[39m
[38;5;0m[HTTP][0m [90m[39m
[38;5;0m[HTTP][0m [37m-->[39m [37mGET[39m [37m/wd/hub/session/c584cd02-0930-474f-aeb6-706c0dc09c7a/source[39m
[38;5;0m[HTTP][0m [90m{}[39m
[38;5;48m[AndroidUiautomator2Driver@3508 (c584cd02)][0m Driver proxy active, passing request on via HTTP proxy
[38;5;48m[AndroidUiautomator2Driver@3508 (c584cd02)][0m Replacing sessionId e5f1427e-2a6f-4119-bb1f-541d66cff9b6 with c584cd02-0930-474f-aeb6-706c0dc09c7a
[38;5;0m[HTTP][0m [37m<-- GET /wd/hub/session/c584cd02-0930-474f-aeb6-706c0dc09c7a/source [39m[32m200[39m [90m402 ms - 8616[39m
[38;5;0m[HTTP][0m [90m[39m
[38;5;0m[HTTP][0m [37m-->[39m [37mGET[39m [37m/wd/hub/session/c584cd02-0930-474f-aeb6-706c0dc09c7a/screenshot[39m
[38;5;0m[HTTP][0m [90m{}[39m
[38;5;0m[HTTP][0m [37m<-- GET /wd/hub/session/c584cd02-0930-474f-aeb6-706c0dc09c7a/screenshot [39m[32m200[39m [90m547 ms - 82868[39m
[38;5;0m[HTTP][0m [90m[39m
[38;5;0m[HTTP][0m [37m-->[39m [37mGET[39m [37m/wd/hub/session/c584cd02-0930-474f-aeb6-706c0dc09c7a/source[39m
[38;5;0m[HTTP][0m [90m{}[39m
[38;5;48m[AndroidUiautomator2Driver@3508 (c584cd02)][0m Driver proxy active, passing request on via HTTP proxy
[38;5;48m[AndroidUiautomator2Driver@3508 (c584cd02)][0m Replacing sessionId e5f1427e-2a6f-4119-bb1f-541d66cff9b6 with c584cd02-0930-474f-aeb6-706c0dc09c7a
[38;5;0m[HTTP][0m [37m<-- GET /wd/hub/session/c584cd02-0930-474f-aeb6-706c0dc09c7a/source [39m[32m200[39m [90m152 ms - 7315[39m
[38;5;0m[HTTP][0m [90m[39m
[38;5;0m[HTTP][0m [37m-->[39m [37mGET[39m [37m/wd/hub/session/c584cd02-0930-474f-aeb6-706c0dc09c7a/screenshot[39m
[38;5;0m[HTTP][0m [90m{}[39m
[38;5;0m[HTTP][0m [37m<-- GET /wd/hub/session/c584cd02-0930-474f-aeb6-706c0dc09c7a/screenshot [39m[32m200[39m [90m570 ms - 208384[39m
[38;5;0m[HTTP][0m [90m[39m
[38;5;0m[HTTP][0m [37m-->[39m [37mDELETE[39m [37m/wd/hub/session/c584cd02-0930-474f-aeb6-706c0dc09c7a[39m
[38;5;0m[HTTP][0m [90m{}[39m
[38;5;16m[AppiumDriver@ebf2][0m Removing session c584cd02-0930-474f-aeb6-706c0dc09c7a from our master session list
[38;5;48m[AndroidUiautomator2Driver@3508 (c584cd02)][0m Did not get confirmation UiAutomator2 deleteSession worked; Error was: UnknownError: An unknown server-side error occurred while processing the command. Original error: 'DELETE /' cannot be proxied to UiAutomator2 server because the instrumentation process is not running (probably crashed). Check the server log and/or the logcat output for more details
[38;5;48m[AndroidUiautomator2Driver@3508 (c584cd02)][0m Restoring hidden api policy to the device default configuration
[38;5;0m[HTTP][0m [37m<-- DELETE /wd/hub/session/c584cd02-0930-474f-aeb6-706c0dc09c7a [39m[32m200[39m [90m284 ms - 14[39m
[38;5;0m[HTTP][0m [90m[39m
